<?xml version="1.0" encoding="UTF-8"?>
<testng-results skipped="0" failed="0" ignored="0" total="1" passed="1">
  <reporter-output>
  </reporter-output>
  <suite name="Default suite" duration-ms="13172" started-at="2018-10-31T13:21:18Z" finished-at="2018-10-31T13:21:31Z">
    <groups>
    </groups>
    <test name="Default test" duration-ms="13172" started-at="2018-10-31T13:21:18Z" finished-at="2018-10-31T13:21:31Z">
      <class name="com.travelocity.TC.Excercise1">
        <test-method status="PASS" signature="before()[pri:0, instance:com.travelocity.TC.Excercise1@3aeaafa6]" name="before" is-config="true" duration-ms="12272" started-at="2018-10-31T13:21:18Z" finished-at="2018-10-31T13:21:30Z">
          <reporter-output>
          </reporter-output>
        </test-method> <!-- before -->
        <test-method status="PASS" signature="ex1()[pri:0, instance:com.travelocity.TC.Excercise1@3aeaafa6]" name="ex1" duration-ms="11" started-at="2018-10-31T13:21:30Z" finished-at="2018-10-31T13:21:30Z">
          <reporter-output>
          </reporter-output>
        </test-method> <!-- ex1 -->
        <test-method status="PASS" signature="end()[pri:0, instance:com.travelocity.TC.Excercise1@3aeaafa6]" name="end" is-config="true" duration-ms="838" started-at="2018-10-31T13:21:30Z" finished-at="2018-10-31T13:21:31Z">
          <reporter-output>
          </reporter-output>
        </test-method> <!-- end -->
      </class> <!-- com.travelocity.TC.Excercise1 -->
    </test> <!-- Default test -->
  </suite> <!-- Default suite -->
</testng-results>
